INFO: Running with entropic power schedule (0xFF, 100).
INFO: Seed: 1068618775
MERGE-OUTER: 905 files, 0 in the initial corpus, 0 processed earlier
MERGE-OUTER: attempt 1
INFO: Running with entropic power schedule (0xFF, 100).
INFO: Seed: 1068633395
INFO: -max_len is not provided; libFuzzer will not generate inputs larger than 1048576 bytes
MERGE-INNER: using the control file '/tmp/libFuzzerTemp.Merge1651.txt'
MERGE-INNER: 905 total files; 0 processed earlier; will process 905 files now
#1	pulse  exec/s: 0 rss: 28Mb
#2	pulse  exec/s: 0 rss: 30Mb
#4	pulse  exec/s: 0 rss: 30Mb
#8	pulse  exec/s: 0 rss: 30Mb
#16	pulse  exec/s: 0 rss: 30Mb
#32	pulse  exec/s: 0 rss: 30Mb
#64	pulse  exec/s: 0 rss: 30Mb
#128	pulse  exec/s: 0 rss: 30Mb
#256	pulse  exec/s: 0 rss: 31Mb
#512	pulse  exec/s: 512 rss: 31Mb
#905	DONE   exec/s: 452 rss: 31Mb
MERGE-OUTER: successful in 1 attempt(s)
MERGE-OUTER: the control file has 109405 bytes
MERGE-OUTER: consumed 0Mb (28Mb rss) to parse the control file
MERGE-OUTER: 0 new files with 0 new features added; 0 new coverage edges
