INFO: Running with entropic power schedule (0xFF, 100).
INFO: Seed: 158027287
MERGE-OUTER: 689 files, 0 in the initial corpus, 0 processed earlier
MERGE-OUTER: attempt 1
INFO: Running with entropic power schedule (0xFF, 100).
INFO: Seed: 158040914
INFO: -max_len is not provided; libFuzzer will not generate inputs larger than 1048576 bytes
MERGE-INNER: using the control file '/tmp/libFuzzerTemp.Merge1756.txt'
MERGE-INNER: 689 total files; 0 processed earlier; will process 689 files now
#1	pulse  exec/s: 0 rss: 27Mb
#2	pulse  exec/s: 0 rss: 30Mb
#4	pulse  exec/s: 0 rss: 30Mb
#8	pulse  exec/s: 0 rss: 30Mb
#16	pulse  exec/s: 0 rss: 30Mb
#32	pulse  exec/s: 0 rss: 30Mb
#64	pulse  exec/s: 0 rss: 30Mb
#128	pulse  exec/s: 128 rss: 30Mb
#256	pulse  exec/s: 15 rss: 30Mb
#512	pulse  exec/s: 10 rss: 30Mb
#689	DONE   exec/s: 8 rss: 30Mb
MERGE-OUTER: successful in 1 attempt(s)
MERGE-OUTER: the control file has 82482 bytes
MERGE-OUTER: consumed 0Mb (28Mb rss) to parse the control file
MERGE-OUTER: 0 new files with 0 new features added; 0 new coverage edges
